<?xml version="1.0" encoding="UTF-8"?>
<!-- Generated by org.testng.reporters.JUnitXMLReporter -->
<testsuite ignored="0" hostname="ADMIN" failures="0" tests="5" name="Default test" time="0.523" errors="0" timestamp="2022-08-25T09:08:02 IST">
  <testcase classname="TestNGBase.TestngPriority" name="e_method" time="0.042"/>
  <testcase classname="TestNGBase.TestngPriority" name="a_method" time="0.008"/>
  <testcase classname="TestNGBase.TestngPriority" name="d_method" time="0.015"/>
  <testcase classname="TestNGBase.TestngPriority" name="c_method" time="0.034"/>
  <testcase classname="TestNGBase.TestngPriority" name="b_method" time="0.011"/>
</testsuite> <!-- Default test -->
